<?xml version="1.0" encoding="UTF-8"?>
<coverage generated="1763103465400" clover="3.2.0">
  <project timestamp="1763103465400" name="All files">
    <metrics statements="16" coveredstatements="15" conditionals="2" coveredconditionals="2" methods="10" coveredmethods="8" elements="28" coveredelements="25" complexity="0" loc="16" ncloc="16" packages="1" files="3" classes="3"/>
    <file name="ApiButton1.jsx" path="D:\FinalProjectCSharp\CW\react-app\src\components\ApiButton1.jsx">
      <metrics statements="4" coveredstatements="4" conditionals="0" coveredconditionals="0" methods="3" coveredmethods="3"/>
      <line num="5" count="1" type="stmt"/>
      <line num="6" count="1" type="stmt"/>
      <line num="9" count="1" type="stmt"/>
      <line num="28" count="1" type="stmt"/>
    </file>
    <file name="ApiButton2.jsx" path="D:\FinalProjectCSharp\CW\react-app\src\components\ApiButton2.jsx">
      <metrics statements="5" coveredstatements="5" conditionals="0" coveredconditionals="0" methods="2" coveredmethods="2"/>
      <line num="5" count="1" type="stmt"/>
      <line num="6" count="1" type="stmt"/>
      <line num="7" count="1" type="stmt"/>
      <line num="10" count="1" type="stmt"/>
      <line num="29" count="1" type="stmt"/>
    </file>
    <file name="ApiButton3.jsx" path="D:\FinalProjectCSharp\CW\react-app\src\components\ApiButton3.jsx">
      <metrics statements="7" coveredstatements="6" conditionals="2" coveredconditionals="2" methods="5" coveredmethods="3"/>
      <line num="5" count="1" type="stmt"/>
      <line num="7" count="1" type="cond" truecount="2" falsecount="0"/>
      <line num="8" count="1" type="stmt"/>
      <line num="9" count="1" type="stmt"/>
      <line num="10" count="0" type="stmt"/>
      <line num="13" count="1" type="stmt"/>
      <line num="32" count="1" type="stmt"/>
    </file>
  </project>
</coverage>
