TN:
SF:src\components\ApiButton1.jsx
FN:4,ApiButton1
FN:5,(anonymous_1)
FN:6,(anonymous_2)
FNF:3
FNH:3
FNDA:1,ApiButton1
FNDA:1,(anonymous_1)
FNDA:1,(anonymous_2)
DA:5,1
DA:6,1
DA:9,1
DA:28,1
LF:4
LH:4
BRF:0
BRH:0
end_of_record
TN:
SF:src\components\ApiButton2.jsx
FN:4,ApiButton2
FN:5,(anonymous_1)
FNF:2
FNH:2
FNDA:1,ApiButton2
FNDA:1,(anonymous_1)
DA:5,1
DA:6,1
DA:7,1
DA:10,1
DA:29,1
LF:5
LH:5
BRF:0
BRH:0
end_of_record
TN:
SF:src\components\ApiButton3.jsx
FN:4,ApiButton3
FN:5,(anonymous_1)
FN:8,(anonymous_2)
FN:9,(anonymous_3)
FN:10,(anonymous_4)
FNF:5
FNH:3
FNDA:1,ApiButton3
FNDA:1,(anonymous_1)
FNDA:1,(anonymous_2)
FNDA:0,(anonymous_3)
FNDA:0,(anonymous_4)
DA:5,1
DA:7,1
DA:8,1
DA:9,1
DA:10,0
DA:13,1
DA:32,1
LF:7
LH:6
BRDA:7,0,0,1
BRDA:7,0,1,1
BRF:2
BRH:2
end_of_record
